  [1m[35m (0.8ms)[0m  [1m[34mSELECT sqlite_version(*)[0m
  ↳ bin/rails:9
  [1m[35m (1.8ms)[0m  [1m[35mCREATE TABLE "schema_migrations" ("version" varchar NOT NULL PRIMARY KEY)[0m
  ↳ bin/rails:9
  [1m[35m (0.8ms)[0m  [1m[35mCREATE TABLE "ar_internal_metadata" ("key" varchar NOT NULL PRIMARY KEY, "value" varchar, "created_at" datetime NOT NULL, "updated_at" datetime NOT NULL)[0m
  ↳ bin/rails:9
  [1m[35m (0.2ms)[0m  [1m[34mSELECT "schema_migrations"."version" FROM "schema_migrations" ORDER BY "schema_migrations"."version" ASC[0m
  ↳ bin/rails:9
Migrating to CreateUsers (20180806073827)
  [1m[35m (0.1ms)[0m  [1m[36mbegin transaction[0m
  ↳ bin/rails:9
  [1m[35m (0.4ms)[0m  [1m[35mCREATE TABLE "users" ("id" integer PRIMARY KEY AUTOINCREMENT NOT NULL, "first_name" varchar, "last_name" varchar, "email" varchar, "created_at" datetime NOT NULL, "updated_at" datetime NOT NULL)[0m
  ↳ db/migrate/20180806073827_create_users.rb:3
  [1m[36mActiveRecord::SchemaMigration Create (0.1ms)[0m  [1m[32mINSERT INTO "schema_migrations" ("version") VALUES (?)[0m  [["version", "20180806073827"]]
  ↳ bin/rails:9
  [1m[35m (0.7ms)[0m  [1m[36mcommit transaction[0m
  ↳ bin/rails:9
  [1m[36mActiveRecord::InternalMetadata Load (0.1ms)[0m  [1m[34mSELECT  "ar_internal_metadata".* FROM "ar_internal_metadata" WHERE "ar_internal_metadata"."key" = ? LIMIT ?[0m  [["key", "environment"], ["LIMIT", 1]]
  ↳ bin/rails:9
  [1m[35m (0.1ms)[0m  [1m[36mbegin transaction[0m
  ↳ bin/rails:9
  [1m[36mActiveRecord::InternalMetadata Create (0.2ms)[0m  [1m[32mINSERT INTO "ar_internal_metadata" ("key", "value", "created_at", "updated_at") VALUES (?, ?, ?, ?)[0m  [["key", "environment"], ["value", "development"], ["created_at", "2018-08-06 13:39:55.683126"], ["updated_at", "2018-08-06 13:39:55.683126"]]
  ↳ bin/rails:9
  [1m[35m (0.5ms)[0m  [1m[36mcommit transaction[0m
  ↳ bin/rails:9
  [1m[35m (0.1ms)[0m  [1m[34mSELECT "schema_migrations"."version" FROM "schema_migrations" ORDER BY "schema_migrations"."version" ASC[0m
  ↳ bin/rails:9
Started GET "/" for 127.0.0.1 at 2018-08-06 15:40:10 +0200
  [1m[35m (0.2ms)[0m  [1m[34mSELECT "schema_migrations"."version" FROM "schema_migrations" ORDER BY "schema_migrations"."version" ASC[0m
  ↳ /Users/jounane/.rvm/gems/ruby-2.5.1/gems/activerecord-5.2.0/lib/active_record/log_subscriber.rb:98
Processing by StaticPagesController#home as HTML
  [1m[36mUser Load (0.1ms)[0m  [1m[34mSELECT  "users".* FROM "users" WHERE "users"."id" IS NULL LIMIT ?[0m  [["LIMIT", 1]]
  ↳ app/helpers/sessions_helper.rb:9
  Rendering static_pages/home.html.erb within layouts/application
  [1m[36mUser Load (0.1ms)[0m  [1m[34mSELECT  "users".* FROM "users" WHERE "users"."id" IS NULL LIMIT ?[0m  [["LIMIT", 1]]
  ↳ app/helpers/sessions_helper.rb:9
  [1m[36mUser Load (0.1ms)[0m  [1m[34mSELECT  "users".* FROM "users" WHERE "users"."id" IS NULL LIMIT ?[0m  [["LIMIT", 1]]
  ↳ app/helpers/sessions_helper.rb:9
  [1m[36mUser Load (0.3ms)[0m  [1m[34mSELECT "users".* FROM "users"[0m
  ↳ app/views/static_pages/home.html.erb:35
  Rendered static_pages/home.html.erb within layouts/application (8.1ms)
Completed 200 OK in 431ms (Views: 415.0ms | ActiveRecord: 1.0ms)


Started GET "/new" for 127.0.0.1 at 2018-08-06 15:40:15 +0200
Processing by UsersController#new as HTML
  Rendering users/new.html.erb within layouts/application
  [1m[36mUser Load (0.3ms)[0m  [1m[34mSELECT  "users".* FROM "users" WHERE "users"."id" IS NULL LIMIT ?[0m  [["LIMIT", 1]]
  ↳ app/helpers/sessions_helper.rb:9
  Rendered users/new.html.erb within layouts/application (2.8ms)
Completed 200 OK in 36ms (Views: 32.4ms | ActiveRecord: 0.3ms)


Started GET "/login" for 127.0.0.1 at 2018-08-06 15:40:17 +0200
Processing by SessionsController#login as HTML
  Rendering sessions/login.html.erb within layouts/application
  [1m[36mUser Load (0.3ms)[0m  [1m[34mSELECT  "users".* FROM "users" WHERE "users"."id" IS NULL LIMIT ?[0m  [["LIMIT", 1]]
  ↳ app/helpers/sessions_helper.rb:9
  Rendered sessions/login.html.erb within layouts/application (27.6ms)
Completed 200 OK in 78ms (Views: 74.3ms | ActiveRecord: 0.3ms)


Started GET "/" for 127.0.0.1 at 2018-08-06 15:40:18 +0200
Processing by StaticPagesController#home as HTML
  [1m[36mUser Load (0.2ms)[0m  [1m[34mSELECT  "users".* FROM "users" WHERE "users"."id" IS NULL LIMIT ?[0m  [["LIMIT", 1]]
  ↳ app/helpers/sessions_helper.rb:9
  Rendering static_pages/home.html.erb within layouts/application
  [1m[36mCACHE User Load (0.0ms)[0m  [1m[34mSELECT  "users".* FROM "users" WHERE "users"."id" IS NULL LIMIT ?[0m  [["LIMIT", 1]]
  ↳ app/helpers/sessions_helper.rb:9
  [1m[36mCACHE User Load (0.0ms)[0m  [1m[34mSELECT  "users".* FROM "users" WHERE "users"."id" IS NULL LIMIT ?[0m  [["LIMIT", 1]]
  ↳ app/helpers/sessions_helper.rb:9
  [1m[36mUser Load (0.2ms)[0m  [1m[34mSELECT "users".* FROM "users"[0m
  ↳ app/views/static_pages/home.html.erb:35
  Rendered static_pages/home.html.erb within layouts/application (6.4ms)
Completed 200 OK in 63ms (Views: 53.5ms | ActiveRecord: 0.5ms)


Started GET "/new" for 127.0.0.1 at 2018-08-06 15:40:22 +0200
Processing by UsersController#new as HTML
  Rendering users/new.html.erb within layouts/application
  [1m[36mUser Load (0.2ms)[0m  [1m[34mSELECT  "users".* FROM "users" WHERE "users"."id" IS NULL LIMIT ?[0m  [["LIMIT", 1]]
  ↳ app/helpers/sessions_helper.rb:9
  Rendered users/new.html.erb within layouts/application (1.9ms)
Completed 200 OK in 64ms (Views: 62.4ms | ActiveRecord: 0.2ms)


Started GET "/login" for 127.0.0.1 at 2018-08-06 15:40:24 +0200
Processing by SessionsController#login as HTML
  Rendering sessions/login.html.erb within layouts/application
  [1m[36mUser Load (0.5ms)[0m  [1m[34mSELECT  "users".* FROM "users" WHERE "users"."id" IS NULL LIMIT ?[0m  [["LIMIT", 1]]
  ↳ app/helpers/sessions_helper.rb:9
  Rendered sessions/login.html.erb within layouts/application (4.2ms)
Completed 200 OK in 60ms (Views: 56.5ms | ActiveRecord: 0.5ms)


Started GET "/new" for 127.0.0.1 at 2018-08-06 15:40:35 +0200
Processing by UsersController#new as HTML
  Rendering users/new.html.erb within layouts/application
  [1m[36mUser Load (0.3ms)[0m  [1m[34mSELECT  "users".* FROM "users" WHERE "users"."id" IS NULL LIMIT ?[0m  [["LIMIT", 1]]
  ↳ app/helpers/sessions_helper.rb:9
  Rendered users/new.html.erb within layouts/application (3.3ms)
Completed 200 OK in 44ms (Views: 42.2ms | ActiveRecord: 0.3ms)


Started POST "/new" for 127.0.0.1 at 2018-08-06 15:40:46 +0200
Processing by UsersController#create as HTML
  Parameters: {"authenticity_token"=>"5wKRwtIGSCVkIaPmluSuydQDv3EqUO9apkBWaoQ5Q/hrveQGaJKCle+Qg3yJfKdB9RIxQ5DNUKm8WEXbitxFAw==", "first_name"=>"joanne", "last_name"=>"jojo", "email"=>"jojo@jojo.fr", "Envoyer"=>"S'inscrire"}
  [1m[35m (0.1ms)[0m  [1m[36mbegin transaction[0m
  ↳ app/controllers/users_controller.rb:8
  [1m[36mUser Exists (0.4ms)[0m  [1m[34mSELECT  1 AS one FROM "users" WHERE "users"."email" = ? LIMIT ?[0m  [["email", "jojo@jojo.fr"], ["LIMIT", 1]]
  ↳ app/controllers/users_controller.rb:8
  [1m[36mUser Create (0.5ms)[0m  [1m[32mINSERT INTO "users" ("first_name", "last_name", "email", "created_at", "updated_at") VALUES (?, ?, ?, ?, ?)[0m  [["first_name", "joanne"], ["last_name", "jojo"], ["email", "jojo@jojo.fr"], ["created_at", "2018-08-06 13:40:46.331508"], ["updated_at", "2018-08-06 13:40:46.331508"]]
  ↳ app/controllers/users_controller.rb:8
  [1m[35m (0.8ms)[0m  [1m[36mcommit transaction[0m
  ↳ app/controllers/users_controller.rb:8
Redirected to http://localhost:3000/
Completed 302 Found in 20ms (ActiveRecord: 2.3ms)


Started GET "/" for 127.0.0.1 at 2018-08-06 15:40:46 +0200
Processing by StaticPagesController#home as HTML
  [1m[36mUser Load (0.6ms)[0m  [1m[34mSELECT  "users".* FROM "users" WHERE "users"."id" = ? LIMIT ?[0m  [["id", 1], ["LIMIT", 1]]
  ↳ app/helpers/sessions_helper.rb:9
  Rendering static_pages/home.html.erb within layouts/application
  [1m[36mUser Load (0.3ms)[0m  [1m[34mSELECT "users".* FROM "users"[0m
  ↳ app/views/static_pages/home.html.erb:35
  Rendered static_pages/home.html.erb within layouts/application (4.9ms)
Completed 200 OK in 62ms (Views: 53.5ms | ActiveRecord: 0.9ms)


Started GET "/page-club" for 127.0.0.1 at 2018-08-06 15:40:49 +0200
Processing by UsersController#secret_page as HTML
  Rendering users/secret_page.html.erb within layouts/application
  [1m[36mUser Load (0.2ms)[0m  [1m[34mSELECT  "users".* FROM "users" WHERE "users"."id" = ? LIMIT ?[0m  [["id", 1], ["LIMIT", 1]]
  ↳ app/helpers/sessions_helper.rb:9
  [1m[36mUser Load (0.3ms)[0m  [1m[34mSELECT "users".* FROM "users"[0m
  ↳ app/views/users/secret_page.html.erb:21
  Rendered users/secret_page.html.erb within layouts/application (5.0ms)
Completed 200 OK in 76ms (Views: 69.4ms | ActiveRecord: 0.5ms)


Started GET "/page-club" for 127.0.0.1 at 2018-08-06 15:40:58 +0200
Processing by UsersController#secret_page as HTML
  Rendering users/secret_page.html.erb within layouts/application
  [1m[36mUser Load (0.1ms)[0m  [1m[34mSELECT  "users".* FROM "users" WHERE "users"."id" = ? LIMIT ?[0m  [["id", 1], ["LIMIT", 1]]
  ↳ app/helpers/sessions_helper.rb:9
  [1m[36mUser Load (0.1ms)[0m  [1m[34mSELECT "users".* FROM "users"[0m
  ↳ app/views/users/secret_page.html.erb:21
  Rendered users/secret_page.html.erb within layouts/application (1.9ms)
Completed 200 OK in 44ms (Views: 41.0ms | ActiveRecord: 0.3ms)


Started DELETE "/logout" for 127.0.0.1 at 2018-08-06 15:41:01 +0200
Processing by SessionsController#destroy as HTML
  Parameters: {"authenticity_token"=>"VOL9rT/C6SJRga6jQhFZuWtcTlUC+N5DGFe+uO9UJcnYXYhphVYjktowjjldiVAxSk3AZ7hlYbACT60J4bEjMg=="}
Redirected to http://localhost:3000/
Completed 302 Found in 1ms (ActiveRecord: 0.0ms)


Started GET "/" for 127.0.0.1 at 2018-08-06 15:41:01 +0200
Processing by StaticPagesController#home as HTML
  [1m[36mUser Load (0.8ms)[0m  [1m[34mSELECT  "users".* FROM "users" WHERE "users"."id" IS NULL LIMIT ?[0m  [["LIMIT", 1]]
  ↳ app/helpers/sessions_helper.rb:9
  Rendering static_pages/home.html.erb within layouts/application
  [1m[36mCACHE User Load (0.0ms)[0m  [1m[34mSELECT  "users".* FROM "users" WHERE "users"."id" IS NULL LIMIT ?[0m  [["LIMIT", 1]]
  ↳ app/helpers/sessions_helper.rb:9
  [1m[36mCACHE User Load (0.0ms)[0m  [1m[34mSELECT  "users".* FROM "users" WHERE "users"."id" IS NULL LIMIT ?[0m  [["LIMIT", 1]]
  ↳ app/helpers/sessions_helper.rb:9
  [1m[36mUser Load (0.2ms)[0m  [1m[34mSELECT "users".* FROM "users"[0m
  ↳ app/views/static_pages/home.html.erb:35
  Rendered static_pages/home.html.erb within layouts/application (3.1ms)
Completed 200 OK in 29ms (Views: 22.5ms | ActiveRecord: 1.0ms)


Started GET "/new" for 127.0.0.1 at 2018-08-06 15:41:03 +0200
Processing by UsersController#new as HTML
  Rendering users/new.html.erb within layouts/application
  [1m[36mUser Load (0.5ms)[0m  [1m[34mSELECT  "users".* FROM "users" WHERE "users"."id" IS NULL LIMIT ?[0m  [["LIMIT", 1]]
  ↳ app/helpers/sessions_helper.rb:9
  Rendered users/new.html.erb within layouts/application (5.1ms)
Completed 200 OK in 39ms (Views: 34.6ms | ActiveRecord: 0.5ms)


Started POST "/new" for 127.0.0.1 at 2018-08-06 15:41:14 +0200
Processing by UsersController#create as HTML
  Parameters: {"authenticity_token"=>"tt6Z451LPeyaXNDH965jOWbQEP0s0noCIZ6scKK0L606YewnJ9/3XBHt8F3oNmqxR8Gez5ZPxfE7hr/BrFEpVg==", "first_name"=>"charly", "last_name"=>"carlos", "email"=>"carlos@tapas.es", "Envoyer"=>"S'inscrire"}
  [1m[35m (0.1ms)[0m  [1m[36mbegin transaction[0m
  ↳ app/controllers/users_controller.rb:8
  [1m[36mUser Exists (0.2ms)[0m  [1m[34mSELECT  1 AS one FROM "users" WHERE "users"."email" = ? LIMIT ?[0m  [["email", "carlos@tapas.es"], ["LIMIT", 1]]
  ↳ app/controllers/users_controller.rb:8
  [1m[36mUser Create (0.6ms)[0m  [1m[32mINSERT INTO "users" ("first_name", "last_name", "email", "created_at", "updated_at") VALUES (?, ?, ?, ?, ?)[0m  [["first_name", "charly"], ["last_name", "carlos"], ["email", "carlos@tapas.es"], ["created_at", "2018-08-06 13:41:14.546978"], ["updated_at", "2018-08-06 13:41:14.546978"]]
  ↳ app/controllers/users_controller.rb:8
  [1m[35m (0.9ms)[0m  [1m[36mcommit transaction[0m
  ↳ app/controllers/users_controller.rb:8
Redirected to http://localhost:3000/
Completed 302 Found in 7ms (ActiveRecord: 1.8ms)


Started GET "/" for 127.0.0.1 at 2018-08-06 15:41:14 +0200
Processing by StaticPagesController#home as HTML
  [1m[36mUser Load (0.2ms)[0m  [1m[34mSELECT  "users".* FROM "users" WHERE "users"."id" = ? LIMIT ?[0m  [["id", 2], ["LIMIT", 1]]
  ↳ app/helpers/sessions_helper.rb:9
  Rendering static_pages/home.html.erb within layouts/application
  [1m[36mUser Load (0.8ms)[0m  [1m[34mSELECT "users".* FROM "users"[0m
  ↳ app/views/static_pages/home.html.erb:35
  Rendered static_pages/home.html.erb within layouts/application (3.9ms)
Completed 200 OK in 37ms (Views: 32.2ms | ActiveRecord: 1.0ms)


Started GET "/page-club" for 127.0.0.1 at 2018-08-06 15:41:17 +0200
Processing by UsersController#secret_page as HTML
  Rendering users/secret_page.html.erb within layouts/application
  [1m[36mUser Load (0.1ms)[0m  [1m[34mSELECT  "users".* FROM "users" WHERE "users"."id" = ? LIMIT ?[0m  [["id", 2], ["LIMIT", 1]]
  ↳ app/helpers/sessions_helper.rb:9
  [1m[36mUser Load (0.1ms)[0m  [1m[34mSELECT "users".* FROM "users"[0m
  ↳ app/views/users/secret_page.html.erb:21
  Rendered users/secret_page.html.erb within layouts/application (2.4ms)
Completed 200 OK in 42ms (Views: 35.0ms | ActiveRecord: 0.2ms)


Started GET "/new" for 127.0.0.1 at 2018-08-06 15:41:22 +0200
Processing by UsersController#new as HTML
  Rendering users/new.html.erb within layouts/application
  [1m[36mUser Load (0.4ms)[0m  [1m[34mSELECT  "users".* FROM "users" WHERE "users"."id" = ? LIMIT ?[0m  [["id", 2], ["LIMIT", 1]]
  ↳ app/helpers/sessions_helper.rb:9
  Rendered users/new.html.erb within layouts/application (2.7ms)
Completed 200 OK in 31ms (Views: 29.0ms | ActiveRecord: 0.4ms)


Started GET "/" for 127.0.0.1 at 2018-08-06 15:41:26 +0200
Processing by StaticPagesController#home as HTML
  [1m[36mUser Load (0.2ms)[0m  [1m[34mSELECT  "users".* FROM "users" WHERE "users"."id" = ? LIMIT ?[0m  [["id", 2], ["LIMIT", 1]]
  ↳ app/helpers/sessions_helper.rb:9
  Rendering static_pages/home.html.erb within layouts/application
  [1m[36mUser Load (0.3ms)[0m  [1m[34mSELECT "users".* FROM "users"[0m
  ↳ app/views/static_pages/home.html.erb:35
  Rendered static_pages/home.html.erb within layouts/application (2.5ms)
Completed 200 OK in 44ms (Views: 39.9ms | ActiveRecord: 0.5ms)


Started GET "/page-club" for 127.0.0.1 at 2018-08-06 15:41:28 +0200
Processing by UsersController#secret_page as HTML
  Rendering users/secret_page.html.erb within layouts/application
  [1m[36mUser Load (0.2ms)[0m  [1m[34mSELECT  "users".* FROM "users" WHERE "users"."id" = ? LIMIT ?[0m  [["id", 2], ["LIMIT", 1]]
  ↳ app/helpers/sessions_helper.rb:9
  [1m[36mUser Load (0.2ms)[0m  [1m[34mSELECT "users".* FROM "users"[0m
  ↳ app/views/users/secret_page.html.erb:21
  Rendered users/secret_page.html.erb within layouts/application (4.5ms)
Completed 200 OK in 46ms (Views: 42.6ms | ActiveRecord: 0.4ms)


Started GET "/" for 127.0.0.1 at 2018-08-06 15:41:30 +0200
Processing by StaticPagesController#home as HTML
  [1m[36mUser Load (0.1ms)[0m  [1m[34mSELECT  "users".* FROM "users" WHERE "users"."id" = ? LIMIT ?[0m  [["id", 2], ["LIMIT", 1]]
  ↳ app/helpers/sessions_helper.rb:9
  Rendering static_pages/home.html.erb within layouts/application
  [1m[36mUser Load (0.2ms)[0m  [1m[34mSELECT "users".* FROM "users"[0m
  ↳ app/views/static_pages/home.html.erb:35
  Rendered static_pages/home.html.erb within layouts/application (2.2ms)
Completed 200 OK in 50ms (Views: 46.2ms | ActiveRecord: 0.3ms)


Started GET "/page-club" for 127.0.0.1 at 2018-08-06 15:41:35 +0200
Processing by UsersController#secret_page as HTML
  Rendering users/secret_page.html.erb within layouts/application
  [1m[36mUser Load (0.3ms)[0m  [1m[34mSELECT  "users".* FROM "users" WHERE "users"."id" = ? LIMIT ?[0m  [["id", 2], ["LIMIT", 1]]
  ↳ app/helpers/sessions_helper.rb:9
  [1m[36mUser Load (0.3ms)[0m  [1m[34mSELECT "users".* FROM "users"[0m
  ↳ app/views/users/secret_page.html.erb:21
  Rendered users/secret_page.html.erb within layouts/application (3.0ms)
Completed 200 OK in 57ms (Views: 52.9ms | ActiveRecord: 0.6ms)


Started GET "/page-club" for 127.0.0.1 at 2018-08-06 15:43:51 +0200
Processing by UsersController#secret_page as HTML
  Rendering users/secret_page.html.erb within layouts/application
  [1m[36mUser Load (0.1ms)[0m  [1m[34mSELECT  "users".* FROM "users" WHERE "users"."id" = ? LIMIT ?[0m  [["id", 2], ["LIMIT", 1]]
  ↳ app/helpers/sessions_helper.rb:9
  [1m[36mUser Load (0.3ms)[0m  [1m[34mSELECT "users".* FROM "users"[0m
  ↳ app/views/users/secret_page.html.erb:21
  Rendered users/secret_page.html.erb within layouts/application (3.4ms)
Completed 200 OK in 31ms (Views: 29.3ms | ActiveRecord: 0.4ms)


Started DELETE "/logout" for 127.0.0.1 at 2018-08-06 15:43:54 +0200
Processing by SessionsController#destroy as HTML
  Parameters: {"authenticity_token"=>"OKe+S3+XHW0coJoSxcPWZIy0aAVY9lSZG2rJISwT1n60GMuPxQPX3ZcRuojaW9/sraXmN+Jr62oBctqQIvbQhQ=="}
Redirected to http://localhost:3000/
Completed 302 Found in 1ms (ActiveRecord: 0.0ms)


Started GET "/" for 127.0.0.1 at 2018-08-06 15:43:54 +0200
Processing by StaticPagesController#home as HTML
  [1m[36mUser Load (0.2ms)[0m  [1m[34mSELECT  "users".* FROM "users" WHERE "users"."id" IS NULL LIMIT ?[0m  [["LIMIT", 1]]
  ↳ app/helpers/sessions_helper.rb:9
  Rendering static_pages/home.html.erb within layouts/application
  [1m[36mCACHE User Load (0.0ms)[0m  [1m[34mSELECT  "users".* FROM "users" WHERE "users"."id" IS NULL LIMIT ?[0m  [["LIMIT", 1]]
  ↳ app/helpers/sessions_helper.rb:9
  [1m[36mCACHE User Load (0.0ms)[0m  [1m[34mSELECT  "users".* FROM "users" WHERE "users"."id" IS NULL LIMIT ?[0m  [["LIMIT", 1]]
  ↳ app/helpers/sessions_helper.rb:9
  [1m[36mUser Load (0.2ms)[0m  [1m[34mSELECT "users".* FROM "users"[0m
  ↳ app/views/static_pages/home.html.erb:35
  Rendered static_pages/home.html.erb within layouts/application (2.1ms)
Completed 200 OK in 24ms (Views: 21.2ms | ActiveRecord: 0.3ms)


Started GET "/" for 127.0.0.1 at 2018-08-06 15:44:47 +0200
Processing by StaticPagesController#home as HTML
  [1m[36mUser Load (0.2ms)[0m  [1m[34mSELECT  "users".* FROM "users" WHERE "users"."id" IS NULL LIMIT ?[0m  [["LIMIT", 1]]
  ↳ app/helpers/sessions_helper.rb:9
  Rendering static_pages/home.html.erb within layouts/application
  [1m[36mCACHE User Load (0.0ms)[0m  [1m[34mSELECT  "users".* FROM "users" WHERE "users"."id" IS NULL LIMIT ?[0m  [["LIMIT", 1]]
  ↳ app/helpers/sessions_helper.rb:9
  [1m[36mCACHE User Load (0.0ms)[0m  [1m[34mSELECT  "users".* FROM "users" WHERE "users"."id" IS NULL LIMIT ?[0m  [["LIMIT", 1]]
  ↳ app/helpers/sessions_helper.rb:9
  [1m[36mUser Load (0.1ms)[0m  [1m[34mSELECT "users".* FROM "users"[0m
  ↳ app/views/static_pages/home.html.erb:35
  Rendered static_pages/home.html.erb within layouts/application (2.3ms)
Completed 200 OK in 18ms (Views: 14.9ms | ActiveRecord: 0.4ms)


Started GET "/new" for 127.0.0.1 at 2018-08-06 15:44:49 +0200
Processing by UsersController#new as HTML
  Rendering users/new.html.erb within layouts/application
  [1m[36mUser Load (0.2ms)[0m  [1m[34mSELECT  "users".* FROM "users" WHERE "users"."id" IS NULL LIMIT ?[0m  [["LIMIT", 1]]
  ↳ app/helpers/sessions_helper.rb:9
  Rendered users/new.html.erb within layouts/application (2.3ms)
Completed 200 OK in 21ms (Views: 18.3ms | ActiveRecord: 0.2ms)


Started POST "/new" for 127.0.0.1 at 2018-08-06 15:45:19 +0200
Processing by UsersController#create as HTML
  Parameters: {"authenticity_token"=>"tyGJSoB/mRnv0A4WWCHDy9lN6C9VpsB3rmmZgHI1+FU7nvyOOutTqWRhLoxHucpD+FxmHe87f4S0cYoxfND+rg==", "first_name"=>"james", "last_name"=>"blunt", "email"=>"james@blunt.uk", "Envoyer"=>"S'inscrire"}
  [1m[35m (0.1ms)[0m  [1m[36mbegin transaction[0m
  ↳ app/controllers/users_controller.rb:8
  [1m[36mUser Exists (0.3ms)[0m  [1m[34mSELECT  1 AS one FROM "users" WHERE "users"."email" = ? LIMIT ?[0m  [["email", "james@blunt.uk"], ["LIMIT", 1]]
  ↳ app/controllers/users_controller.rb:8
  [1m[36mUser Create (0.8ms)[0m  [1m[32mINSERT INTO "users" ("first_name", "last_name", "email", "created_at", "updated_at") VALUES (?, ?, ?, ?, ?)[0m  [["first_name", "james"], ["last_name", "blunt"], ["email", "james@blunt.uk"], ["created_at", "2018-08-06 13:45:19.254336"], ["updated_at", "2018-08-06 13:45:19.254336"]]
  ↳ app/controllers/users_controller.rb:8
  [1m[35m (0.7ms)[0m  [1m[36mcommit transaction[0m
  ↳ app/controllers/users_controller.rb:8
Redirected to http://localhost:3000/
Completed 302 Found in 8ms (ActiveRecord: 1.9ms)


Started GET "/" for 127.0.0.1 at 2018-08-06 15:45:19 +0200
Processing by StaticPagesController#home as HTML
  [1m[36mUser Load (0.3ms)[0m  [1m[34mSELECT  "users".* FROM "users" WHERE "users"."id" = ? LIMIT ?[0m  [["id", 3], ["LIMIT", 1]]
  ↳ app/helpers/sessions_helper.rb:9
  Rendering static_pages/home.html.erb within layouts/application
  [1m[36mUser Load (0.1ms)[0m  [1m[34mSELECT "users".* FROM "users"[0m
  ↳ app/views/static_pages/home.html.erb:35
  Rendered static_pages/home.html.erb within layouts/application (1.3ms)
Completed 200 OK in 23ms (Views: 19.5ms | ActiveRecord: 0.5ms)


Started GET "/page-club" for 127.0.0.1 at 2018-08-06 15:45:23 +0200
Processing by UsersController#secret_page as HTML
  Rendering users/secret_page.html.erb within layouts/application
  [1m[36mUser Load (0.1ms)[0m  [1m[34mSELECT  "users".* FROM "users" WHERE "users"."id" = ? LIMIT ?[0m  [["id", 3], ["LIMIT", 1]]
  ↳ app/helpers/sessions_helper.rb:9
  [1m[36mUser Load (0.1ms)[0m  [1m[34mSELECT "users".* FROM "users"[0m
  ↳ app/views/users/secret_page.html.erb:21
  Rendered users/secret_page.html.erb within layouts/application (1.9ms)
Completed 200 OK in 12ms (Views: 10.1ms | ActiveRecord: 0.3ms)


Started GET "/logout" for 127.0.0.1 at 2018-08-06 18:11:28 +0200
  [1m[35m (0.4ms)[0m  [1m[34mSELECT "schema_migrations"."version" FROM "schema_migrations" ORDER BY "schema_migrations"."version" ASC[0m
  ↳ /Users/jounane/.rvm/gems/ruby-2.5.1/gems/activerecord-5.2.0/lib/active_record/log_subscriber.rb:98
  
ActionController::RoutingError (No route matches [GET] "/logout"):
  
actionpack (5.2.0) lib/action_dispatch/middleware/debug_exceptions.rb:65:in `call'
web-console (3.6.2) lib/web_console/middleware.rb:135:in `call_app'
web-console (3.6.2) lib/web_console/middleware.rb:30:in `block in call'
web-console (3.6.2) lib/web_console/middleware.rb:20:in `catch'
web-console (3.6.2) lib/web_console/middleware.rb:20:in `call'
actionpack (5.2.0) lib/action_dispatch/middleware/show_exceptions.rb:33:in `call'
railties (5.2.0) lib/rails/rack/logger.rb:38:in `call_app'
railties (5.2.0) lib/rails/rack/logger.rb:26:in `block in call'
activesupport (5.2.0) lib/active_support/tagged_logging.rb:71:in `block in tagged'
activesupport (5.2.0) lib/active_support/tagged_logging.rb:28:in `tagged'
activesupport (5.2.0) lib/active_support/tagged_logging.rb:71:in `tagged'
railties (5.2.0) lib/rails/rack/logger.rb:26:in `call'
sprockets-rails (3.2.1) lib/sprockets/rails/quiet_assets.rb:13:in `call'
actionpack (5.2.0) lib/action_dispatch/middleware/remote_ip.rb:81:in `call'
actionpack (5.2.0) lib/action_dispatch/middleware/request_id.rb:27:in `call'
rack (2.0.5) lib/rack/method_override.rb:22:in `call'
rack (2.0.5) lib/rack/runtime.rb:22:in `call'
activesupport (5.2.0) lib/active_support/cache/strategy/local_cache_middleware.rb:29:in `call'
actionpack (5.2.0) lib/action_dispatch/middleware/executor.rb:14:in `call'
actionpack (5.2.0) lib/action_dispatch/middleware/static.rb:127:in `call'
rack (2.0.5) lib/rack/sendfile.rb:111:in `call'
railties (5.2.0) lib/rails/engine.rb:524:in `call'
puma (3.12.0) lib/puma/configuration.rb:225:in `call'
puma (3.12.0) lib/puma/server.rb:658:in `handle_request'
puma (3.12.0) lib/puma/server.rb:472:in `process_client'
puma (3.12.0) lib/puma/server.rb:332:in `block in run'
puma (3.12.0) lib/puma/thread_pool.rb:133:in `block in spawn_thread'
Started GET "/" for 127.0.0.1 at 2018-08-06 18:11:37 +0200
Processing by StaticPagesController#home as HTML
  [1m[36mUser Load (0.4ms)[0m  [1m[34mSELECT  "users".* FROM "users" WHERE "users"."id" = ? LIMIT ?[0m  [["id", 3], ["LIMIT", 1]]
  ↳ app/helpers/sessions_helper.rb:9
  Rendering static_pages/home.html.erb within layouts/application
  [1m[36mUser Load (0.5ms)[0m  [1m[34mSELECT "users".* FROM "users"[0m
  ↳ app/views/static_pages/home.html.erb:35
  Rendered static_pages/home.html.erb within layouts/application (4.1ms)
Completed 200 OK in 203ms (Views: 186.9ms | ActiveRecord: 1.6ms)


Started GET "/logout" for 127.0.0.1 at 2018-08-06 18:11:39 +0200
  
ActionController::RoutingError (No route matches [GET] "/logout"):
  
actionpack (5.2.0) lib/action_dispatch/middleware/debug_exceptions.rb:65:in `call'
web-console (3.6.2) lib/web_console/middleware.rb:135:in `call_app'
web-console (3.6.2) lib/web_console/middleware.rb:30:in `block in call'
web-console (3.6.2) lib/web_console/middleware.rb:20:in `catch'
web-console (3.6.2) lib/web_console/middleware.rb:20:in `call'
actionpack (5.2.0) lib/action_dispatch/middleware/show_exceptions.rb:33:in `call'
railties (5.2.0) lib/rails/rack/logger.rb:38:in `call_app'
railties (5.2.0) lib/rails/rack/logger.rb:26:in `block in call'
activesupport (5.2.0) lib/active_support/tagged_logging.rb:71:in `block in tagged'
activesupport (5.2.0) lib/active_support/tagged_logging.rb:28:in `tagged'
activesupport (5.2.0) lib/active_support/tagged_logging.rb:71:in `tagged'
railties (5.2.0) lib/rails/rack/logger.rb:26:in `call'
sprockets-rails (3.2.1) lib/sprockets/rails/quiet_assets.rb:13:in `call'
actionpack (5.2.0) lib/action_dispatch/middleware/remote_ip.rb:81:in `call'
actionpack (5.2.0) lib/action_dispatch/middleware/request_id.rb:27:in `call'
rack (2.0.5) lib/rack/method_override.rb:22:in `call'
rack (2.0.5) lib/rack/runtime.rb:22:in `call'
activesupport (5.2.0) lib/active_support/cache/strategy/local_cache_middleware.rb:29:in `call'
actionpack (5.2.0) lib/action_dispatch/middleware/executor.rb:14:in `call'
actionpack (5.2.0) lib/action_dispatch/middleware/static.rb:127:in `call'
rack (2.0.5) lib/rack/sendfile.rb:111:in `call'
railties (5.2.0) lib/rails/engine.rb:524:in `call'
puma (3.12.0) lib/puma/configuration.rb:225:in `call'
puma (3.12.0) lib/puma/server.rb:658:in `handle_request'
puma (3.12.0) lib/puma/server.rb:472:in `process_client'
puma (3.12.0) lib/puma/server.rb:332:in `block in run'
puma (3.12.0) lib/puma/thread_pool.rb:133:in `block in spawn_thread'
Started GET "/logout" for 127.0.0.1 at 2018-08-06 18:11:52 +0200
  
ActionController::RoutingError (No route matches [GET] "/logout"):
  
actionpack (5.2.0) lib/action_dispatch/middleware/debug_exceptions.rb:65:in `call'
web-console (3.6.2) lib/web_console/middleware.rb:135:in `call_app'
web-console (3.6.2) lib/web_console/middleware.rb:30:in `block in call'
web-console (3.6.2) lib/web_console/middleware.rb:20:in `catch'
web-console (3.6.2) lib/web_console/middleware.rb:20:in `call'
actionpack (5.2.0) lib/action_dispatch/middleware/show_exceptions.rb:33:in `call'
railties (5.2.0) lib/rails/rack/logger.rb:38:in `call_app'
railties (5.2.0) lib/rails/rack/logger.rb:26:in `block in call'
activesupport (5.2.0) lib/active_support/tagged_logging.rb:71:in `block in tagged'
activesupport (5.2.0) lib/active_support/tagged_logging.rb:28:in `tagged'
activesupport (5.2.0) lib/active_support/tagged_logging.rb:71:in `tagged'
railties (5.2.0) lib/rails/rack/logger.rb:26:in `call'
sprockets-rails (3.2.1) lib/sprockets/rails/quiet_assets.rb:13:in `call'
actionpack (5.2.0) lib/action_dispatch/middleware/remote_ip.rb:81:in `call'
actionpack (5.2.0) lib/action_dispatch/middleware/request_id.rb:27:in `call'
rack (2.0.5) lib/rack/method_override.rb:22:in `call'
rack (2.0.5) lib/rack/runtime.rb:22:in `call'
activesupport (5.2.0) lib/active_support/cache/strategy/local_cache_middleware.rb:29:in `call'
actionpack (5.2.0) lib/action_dispatch/middleware/executor.rb:14:in `call'
actionpack (5.2.0) lib/action_dispatch/middleware/static.rb:127:in `call'
rack (2.0.5) lib/rack/sendfile.rb:111:in `call'
railties (5.2.0) lib/rails/engine.rb:524:in `call'
puma (3.12.0) lib/puma/configuration.rb:225:in `call'
puma (3.12.0) lib/puma/server.rb:658:in `handle_request'
puma (3.12.0) lib/puma/server.rb:472:in `process_client'
puma (3.12.0) lib/puma/server.rb:332:in `block in run'
puma (3.12.0) lib/puma/thread_pool.rb:133:in `block in spawn_thread'
Started GET "/" for 127.0.0.1 at 2018-08-06 18:11:55 +0200
Processing by StaticPagesController#home as HTML
  [1m[36mUser Load (0.2ms)[0m  [1m[34mSELECT  "users".* FROM "users" WHERE "users"."id" = ? LIMIT ?[0m  [["id", 3], ["LIMIT", 1]]
  ↳ app/helpers/sessions_helper.rb:9
  Rendering static_pages/home.html.erb within layouts/application
  [1m[36mUser Load (0.2ms)[0m  [1m[34mSELECT "users".* FROM "users"[0m
  ↳ app/views/static_pages/home.html.erb:35
  Rendered static_pages/home.html.erb within layouts/application (3.1ms)
Completed 200 OK in 18ms (Views: 14.9ms | ActiveRecord: 0.4ms)


Started GET "/" for 127.0.0.1 at 2018-08-06 18:12:18 +0200
Processing by StaticPagesController#home as HTML
  [1m[36mUser Load (0.2ms)[0m  [1m[34mSELECT  "users".* FROM "users" WHERE "users"."id" IS NULL LIMIT ?[0m  [["LIMIT", 1]]
  ↳ app/helpers/sessions_helper.rb:9
  Rendering static_pages/home.html.erb within layouts/application
  [1m[36mCACHE User Load (0.0ms)[0m  [1m[34mSELECT  "users".* FROM "users" WHERE "users"."id" IS NULL LIMIT ?[0m  [["LIMIT", 1]]
  ↳ app/helpers/sessions_helper.rb:9
  [1m[36mCACHE User Load (0.0ms)[0m  [1m[34mSELECT  "users".* FROM "users" WHERE "users"."id" IS NULL LIMIT ?[0m  [["LIMIT", 1]]
  ↳ app/helpers/sessions_helper.rb:9
  [1m[36mUser Load (0.2ms)[0m  [1m[34mSELECT "users".* FROM "users"[0m
  ↳ app/views/static_pages/home.html.erb:35
  Rendered static_pages/home.html.erb within layouts/application (2.3ms)
Completed 200 OK in 16ms (Views: 12.3ms | ActiveRecord: 0.3ms)


Started GET "/" for 127.0.0.1 at 2018-08-06 18:12:42 +0200
Processing by StaticPagesController#home as HTML
  [1m[36mUser Load (0.2ms)[0m  [1m[34mSELECT  "users".* FROM "users" WHERE "users"."id" IS NULL LIMIT ?[0m  [["LIMIT", 1]]
  ↳ app/helpers/sessions_helper.rb:9
  Rendering static_pages/home.html.erb within layouts/application
  [1m[36mCACHE User Load (0.0ms)[0m  [1m[34mSELECT  "users".* FROM "users" WHERE "users"."id" IS NULL LIMIT ?[0m  [["LIMIT", 1]]
  ↳ app/helpers/sessions_helper.rb:9
  [1m[36mCACHE User Load (0.0ms)[0m  [1m[34mSELECT  "users".* FROM "users" WHERE "users"."id" IS NULL LIMIT ?[0m  [["LIMIT", 1]]
  ↳ app/helpers/sessions_helper.rb:9
  [1m[36mUser Load (0.1ms)[0m  [1m[34mSELECT "users".* FROM "users"[0m
  ↳ app/views/static_pages/home.html.erb:35
  Rendered static_pages/home.html.erb within layouts/application (2.6ms)
Completed 200 OK in 14ms (Views: 10.5ms | ActiveRecord: 0.4ms)


Started GET "/new" for 127.0.0.1 at 2018-08-06 18:12:44 +0200
Processing by UsersController#new as HTML
  Rendering users/new.html.erb within layouts/application
  [1m[36mUser Load (0.1ms)[0m  [1m[34mSELECT  "users".* FROM "users" WHERE "users"."id" IS NULL LIMIT ?[0m  [["LIMIT", 1]]
  ↳ app/helpers/sessions_helper.rb:9
  Rendered users/new.html.erb within layouts/application (1.4ms)
Completed 200 OK in 12ms (Views: 9.5ms | ActiveRecord: 0.1ms)


Started GET "/login" for 127.0.0.1 at 2018-08-06 18:12:45 +0200
Processing by SessionsController#login as HTML
  Rendering sessions/login.html.erb within layouts/application
  [1m[36mUser Load (0.2ms)[0m  [1m[34mSELECT  "users".* FROM "users" WHERE "users"."id" IS NULL LIMIT ?[0m  [["LIMIT", 1]]
  ↳ app/helpers/sessions_helper.rb:9
  Rendered sessions/login.html.erb within layouts/application (7.1ms)
Completed 200 OK in 23ms (Views: 19.3ms | ActiveRecord: 0.2ms)


Started GET "/new" for 127.0.0.1 at 2018-08-06 18:12:46 +0200
Processing by UsersController#new as HTML
  Rendering users/new.html.erb within layouts/application
  [1m[36mUser Load (0.4ms)[0m  [1m[34mSELECT  "users".* FROM "users" WHERE "users"."id" IS NULL LIMIT ?[0m  [["LIMIT", 1]]
  ↳ app/helpers/sessions_helper.rb:9
  Rendered users/new.html.erb within layouts/application (2.1ms)
Completed 200 OK in 18ms (Views: 15.9ms | ActiveRecord: 0.4ms)


Started GET "/" for 127.0.0.1 at 2018-08-06 18:12:48 +0200
Processing by StaticPagesController#home as HTML
  [1m[36mUser Load (0.2ms)[0m  [1m[34mSELECT  "users".* FROM "users" WHERE "users"."id" IS NULL LIMIT ?[0m  [["LIMIT", 1]]
  ↳ app/helpers/sessions_helper.rb:9
  Rendering static_pages/home.html.erb within layouts/application
  [1m[36mCACHE User Load (0.0ms)[0m  [1m[34mSELECT  "users".* FROM "users" WHERE "users"."id" IS NULL LIMIT ?[0m  [["LIMIT", 1]]
  ↳ app/helpers/sessions_helper.rb:9
  [1m[36mCACHE User Load (0.0ms)[0m  [1m[34mSELECT  "users".* FROM "users" WHERE "users"."id" IS NULL LIMIT ?[0m  [["LIMIT", 1]]
  ↳ app/helpers/sessions_helper.rb:9
  [1m[36mUser Load (0.1ms)[0m  [1m[34mSELECT "users".* FROM "users"[0m
  ↳ app/views/static_pages/home.html.erb:35
  Rendered static_pages/home.html.erb within layouts/application (2.4ms)
Completed 200 OK in 15ms (Views: 12.1ms | ActiveRecord: 0.3ms)


Started GET "/" for 127.0.0.1 at 2018-08-06 18:12:57 +0200
Processing by StaticPagesController#home as HTML
  [1m[36mUser Load (0.1ms)[0m  [1m[34mSELECT  "users".* FROM "users" WHERE "users"."id" IS NULL LIMIT ?[0m  [["LIMIT", 1]]
  ↳ app/helpers/sessions_helper.rb:9
  Rendering static_pages/home.html.erb within layouts/application
  [1m[36mCACHE User Load (0.0ms)[0m  [1m[34mSELECT  "users".* FROM "users" WHERE "users"."id" IS NULL LIMIT ?[0m  [["LIMIT", 1]]
  ↳ app/helpers/sessions_helper.rb:9
  [1m[36mCACHE User Load (0.0ms)[0m  [1m[34mSELECT  "users".* FROM "users" WHERE "users"."id" IS NULL LIMIT ?[0m  [["LIMIT", 1]]
  ↳ app/helpers/sessions_helper.rb:9
  [1m[36mUser Load (0.2ms)[0m  [1m[34mSELECT "users".* FROM "users"[0m
  ↳ app/views/static_pages/home.html.erb:35
  Rendered static_pages/home.html.erb within layouts/application (2.7ms)
Completed 200 OK in 13ms (Views: 10.9ms | ActiveRecord: 0.3ms)


Started GET "/" for 127.0.0.1 at 2018-08-06 18:35:25 +0200
  [1m[35m (0.3ms)[0m  [1m[34mSELECT "schema_migrations"."version" FROM "schema_migrations" ORDER BY "schema_migrations"."version" ASC[0m
  ↳ /Users/jounane/.rvm/gems/ruby-2.5.1/gems/activerecord-5.2.0/lib/active_record/log_subscriber.rb:98
Processing by StaticPagesController#home as HTML
  [1m[36mUser Load (0.3ms)[0m  [1m[34mSELECT  "users".* FROM "users" WHERE "users"."id" IS NULL LIMIT ?[0m  [["LIMIT", 1]]
  ↳ app/helpers/sessions_helper.rb:9
  Rendering static_pages/home.html.erb within layouts/application
  Rendered static_pages/home.html.erb within layouts/application (1.2ms)
Completed 500 Internal Server Error in 21ms (ActiveRecord: 0.5ms)


  
SyntaxError (/Users/jounane/Documents/THP/club-app/app/views/static_pages/home.html.erb:42: syntax error, unexpected keyword_ensure, expecting end-of-input
          ensure
          ^~~~~~):
  
app/views/static_pages/home.html.erb:42: syntax error, unexpected keyword_ensure, expecting end-of-input
Started GET "/" for 127.0.0.1 at 2018-08-06 18:35:50 +0200
Processing by StaticPagesController#home as HTML
  [1m[36mUser Load (0.1ms)[0m  [1m[34mSELECT  "users".* FROM "users" WHERE "users"."id" IS NULL LIMIT ?[0m  [["LIMIT", 1]]
  ↳ app/helpers/sessions_helper.rb:9
  Rendering static_pages/home.html.erb within layouts/application
  [1m[36mCACHE User Load (0.0ms)[0m  [1m[34mSELECT  "users".* FROM "users" WHERE "users"."id" IS NULL LIMIT ?[0m  [["LIMIT", 1]]
  ↳ app/helpers/sessions_helper.rb:9
  [1m[36mCACHE User Load (0.0ms)[0m  [1m[34mSELECT  "users".* FROM "users" WHERE "users"."id" IS NULL LIMIT ?[0m  [["LIMIT", 1]]
  ↳ app/helpers/sessions_helper.rb:9
  Rendered static_pages/home.html.erb within layouts/application (2.1ms)
Completed 200 OK in 200ms (Views: 197.7ms | ActiveRecord: 0.2ms)


Started GET "/" for 127.0.0.1 at 2018-08-06 19:34:13 +0200
Processing by StaticPagesController#home as HTML
  [1m[36mUser Load (0.4ms)[0m  [1m[34mSELECT  "users".* FROM "users" WHERE "users"."id" IS NULL LIMIT ?[0m  [["LIMIT", 1]]
  ↳ app/helpers/sessions_helper.rb:9
  Rendering static_pages/home.html.erb within layouts/application
  [1m[36mCACHE User Load (0.0ms)[0m  [1m[34mSELECT  "users".* FROM "users" WHERE "users"."id" IS NULL LIMIT ?[0m  [["LIMIT", 1]]
  ↳ app/helpers/sessions_helper.rb:9
  [1m[36mCACHE User Load (0.0ms)[0m  [1m[34mSELECT  "users".* FROM "users" WHERE "users"."id" IS NULL LIMIT ?[0m  [["LIMIT", 1]]
  ↳ app/helpers/sessions_helper.rb:9
  Rendered static_pages/home.html.erb within layouts/application (2.7ms)
Completed 200 OK in 26ms (Views: 15.7ms | ActiveRecord: 0.7ms)


Started GET "/new" for 127.0.0.1 at 2018-08-06 19:34:15 +0200
Processing by UsersController#new as HTML
  Rendering users/new.html.erb within layouts/application
  [1m[36mUser Load (0.1ms)[0m  [1m[34mSELECT  "users".* FROM "users" WHERE "users"."id" IS NULL LIMIT ?[0m  [["LIMIT", 1]]
  ↳ app/helpers/sessions_helper.rb:9
  Rendered users/new.html.erb within layouts/application (1.7ms)
Completed 200 OK in 17ms (Views: 13.3ms | ActiveRecord: 0.1ms)


Started GET "/login" for 127.0.0.1 at 2018-08-06 19:34:17 +0200
Processing by SessionsController#login as HTML
  Rendering sessions/login.html.erb within layouts/application
  [1m[36mUser Load (0.2ms)[0m  [1m[34mSELECT  "users".* FROM "users" WHERE "users"."id" IS NULL LIMIT ?[0m  [["LIMIT", 1]]
  ↳ app/helpers/sessions_helper.rb:9
  Rendered sessions/login.html.erb within layouts/application (14.6ms)
Completed 200 OK in 29ms (Views: 24.8ms | ActiveRecord: 0.2ms)


Started POST "/login" for 127.0.0.1 at 2018-08-06 19:34:31 +0200
Processing by SessionsController#create as HTML
  Parameters: {"utf8"=>"✓", "authenticity_token"=>"Hc2nFomqGq4UAL2HnuFygvADntHv8uBJMa7ZDXyERwK8IKMCKFNLI+MqWBHZyK26Y/s8oNr0ge0ZNbrbK27ZUg==", "session"=>{"email"=>"truc@truc.fr", "secret_pass"=>"nzflzenfmze"}, "commit"=>"Se connecter"}
  [1m[36mUser Load (0.3ms)[0m  [1m[34mSELECT  "users".* FROM "users" WHERE "users"."email" = ? LIMIT ?[0m  [["email", "truc@truc.fr"], ["LIMIT", 1]]
  ↳ app/controllers/sessions_controller.rb:7
No template found for SessionsController#create, rendering head :no_content
Completed 204 No Content in 85ms (ActiveRecord: 0.3ms)


Started POST "/login" for 127.0.0.1 at 2018-08-06 19:34:34 +0200
Processing by SessionsController#create as HTML
  Parameters: {"utf8"=>"✓", "authenticity_token"=>"Hc2nFomqGq4UAL2HnuFygvADntHv8uBJMa7ZDXyERwK8IKMCKFNLI+MqWBHZyK26Y/s8oNr0ge0ZNbrbK27ZUg==", "session"=>{"email"=>"truc@truc.fr", "secret_pass"=>"nzflzenfmze"}, "commit"=>"Se connecter"}
  [1m[36mUser Load (0.1ms)[0m  [1m[34mSELECT  "users".* FROM "users" WHERE "users"."email" = ? LIMIT ?[0m  [["email", "truc@truc.fr"], ["LIMIT", 1]]
  ↳ app/controllers/sessions_controller.rb:7
No template found for SessionsController#create, rendering head :no_content
Completed 204 No Content in 63ms (ActiveRecord: 0.1ms)


Started GET "/" for 127.0.0.1 at 2018-08-06 20:13:07 +0200
  [1m[35m (0.4ms)[0m  [1m[34mSELECT "schema_migrations"."version" FROM "schema_migrations" ORDER BY "schema_migrations"."version" ASC[0m
  ↳ /Users/jounane/.rvm/gems/ruby-2.5.1/gems/activerecord-5.2.0/lib/active_record/log_subscriber.rb:98
Processing by StaticPagesController#home as HTML
  [1m[36mUser Load (0.3ms)[0m  [1m[34mSELECT  "users".* FROM "users" WHERE "users"."id" IS NULL LIMIT ?[0m  [["LIMIT", 1]]
  ↳ app/helpers/sessions_helper.rb:9
  Rendering static_pages/home.html.erb within layouts/application
  [1m[36mUser Load (0.1ms)[0m  [1m[34mSELECT  "users".* FROM "users" WHERE "users"."id" IS NULL LIMIT ?[0m  [["LIMIT", 1]]
  ↳ app/helpers/sessions_helper.rb:9
  [1m[36mUser Load (0.1ms)[0m  [1m[34mSELECT  "users".* FROM "users" WHERE "users"."id" IS NULL LIMIT ?[0m  [["LIMIT", 1]]
  ↳ app/helpers/sessions_helper.rb:9
  Rendered static_pages/home.html.erb within layouts/application (2.9ms)
Completed 200 OK in 208ms (Views: 194.4ms | ActiveRecord: 0.8ms)


Started GET "/login" for 127.0.0.1 at 2018-08-06 20:13:13 +0200
Processing by SessionsController#login as HTML
  Rendering sessions/login.html.erb within layouts/application
  [1m[36mUser Load (0.3ms)[0m  [1m[34mSELECT  "users".* FROM "users" WHERE "users"."id" IS NULL LIMIT ?[0m  [["LIMIT", 1]]
  ↳ app/helpers/sessions_helper.rb:9
  Rendered sessions/login.html.erb within layouts/application (13.0ms)
Completed 200 OK in 24ms (Views: 21.5ms | ActiveRecord: 0.3ms)


Started POST "/login" for 127.0.0.1 at 2018-08-06 20:13:21 +0200
Processing by SessionsController#create as HTML
  Parameters: {"utf8"=>"✓", "authenticity_token"=>"TxZzLW1oo4N0m3YxZ6SZkRzVE6fXBfvVawWvXwmjZLPu+3c5zJHyDoOxk6cgjUapjy2x1uIDmnFDnsyJXkn64w==", "session"=>{"email"=>"truc@trcu.fr", "secret_pass"=>"vdlfnkfef"}, "commit"=>"Se connecter"}
  [1m[36mUser Load (0.3ms)[0m  [1m[34mSELECT  "users".* FROM "users" WHERE "users"."email" = ? LIMIT ?[0m  [["email", "truc@trcu.fr"], ["LIMIT", 1]]
  ↳ app/controllers/sessions_controller.rb:7
Completed 500 Internal Server Error in 6ms (ActiveRecord: 0.3ms)


  
ActionView::MissingTemplate (Missing template sessions/new, application/new with {:locale=>[:en], :formats=>[:html], :variants=>[], :handlers=>[:raw, :erb, :html, :builder, :ruby, :coffee, :jbuilder]}. Searched in:
  * "/Users/jounane/Documents/THP/club-app/app/views"
):
  
app/controllers/sessions_controller.rb:14:in `create'
Started GET "/" for 127.0.0.1 at 2018-08-06 20:13:45 +0200
Processing by StaticPagesController#home as HTML
  [1m[36mUser Load (0.1ms)[0m  [1m[34mSELECT  "users".* FROM "users" WHERE "users"."id" IS NULL LIMIT ?[0m  [["LIMIT", 1]]
  ↳ app/helpers/sessions_helper.rb:9
  Rendering static_pages/home.html.erb within layouts/application
  [1m[36mCACHE User Load (0.0ms)[0m  [1m[34mSELECT  "users".* FROM "users" WHERE "users"."id" IS NULL LIMIT ?[0m  [["LIMIT", 1]]
  ↳ app/helpers/sessions_helper.rb:9
  [1m[36mCACHE User Load (0.0ms)[0m  [1m[34mSELECT  "users".* FROM "users" WHERE "users"."id" IS NULL LIMIT ?[0m  [["LIMIT", 1]]
  ↳ app/helpers/sessions_helper.rb:9
  Rendered static_pages/home.html.erb within layouts/application (5.7ms)
Completed 200 OK in 23ms (Views: 17.4ms | ActiveRecord: 0.5ms)


Started GET "/new" for 127.0.0.1 at 2018-08-06 20:13:46 +0200
Processing by UsersController#new as HTML
  Rendering users/new.html.erb within layouts/application
  [1m[36mUser Load (0.2ms)[0m  [1m[34mSELECT  "users".* FROM "users" WHERE "users"."id" IS NULL LIMIT ?[0m  [["LIMIT", 1]]
  ↳ app/helpers/sessions_helper.rb:9
  Rendered users/new.html.erb within layouts/application (1.5ms)
Completed 200 OK in 15ms (Views: 11.9ms | ActiveRecord: 0.2ms)


Started GET "/login" for 127.0.0.1 at 2018-08-06 20:13:49 +0200
Processing by SessionsController#login as HTML
  Rendering sessions/login.html.erb within layouts/application
  [1m[36mUser Load (0.2ms)[0m  [1m[34mSELECT  "users".* FROM "users" WHERE "users"."id" IS NULL LIMIT ?[0m  [["LIMIT", 1]]
  ↳ app/helpers/sessions_helper.rb:9
  Rendered sessions/login.html.erb within layouts/application (2.4ms)
Completed 200 OK in 19ms (Views: 16.7ms | ActiveRecord: 0.2ms)


Started POST "/login" for 127.0.0.1 at 2018-08-06 20:13:56 +0200
Processing by SessionsController#create as HTML
  Parameters: {"utf8"=>"✓", "authenticity_token"=>"ugoSrEdh6/IlKnNiz7lC04tmqfBVz/eFoFS2PT4SIoUb5xa45pi6f9IAlvSIkJ3rGJ4LgWDJliGIz9Xrafi81Q==", "session"=>{"email"=>"truc@truc.fr", "secret_pass"=>"dnefnzefnaozf"}, "commit"=>"Se connecter"}
  [1m[36mUser Load (0.3ms)[0m  [1m[34mSELECT  "users".* FROM "users" WHERE "users"."email" = ? LIMIT ?[0m  [["email", "truc@truc.fr"], ["LIMIT", 1]]
  ↳ app/controllers/sessions_controller.rb:7
Completed 500 Internal Server Error in 5ms (ActiveRecord: 0.3ms)


  
NoMethodError (undefined method `empty?' for nil:NilClass):
  
app/controllers/sessions_controller.rb:14:in `create'
